#! /opt/homebrew/Cellar/icarus-verilog/12.0/bin/vvp
:ivl_version "12.0 (stable)";
:ivl_delay_selection "TYPICAL";
:vpi_time_precision + 0;
:vpi_module "/opt/homebrew/Cellar/icarus-verilog/12.0/lib/ivl/system.vpi";
:vpi_module "/opt/homebrew/Cellar/icarus-verilog/12.0/lib/ivl/vhdl_sys.vpi";
:vpi_module "/opt/homebrew/Cellar/icarus-verilog/12.0/lib/ivl/vhdl_textio.vpi";
:vpi_module "/opt/homebrew/Cellar/icarus-verilog/12.0/lib/ivl/v2005_math.vpi";
:vpi_module "/opt/homebrew/Cellar/icarus-verilog/12.0/lib/ivl/va_math.vpi";
S_0x1237489c0 .scope module, "testbench" "testbench" 2 127;
 .timescale 0 0;
v0x1237647b0_0 .var "I", 7 0;
v0x123764840_0 .var "S", 2 0;
v0x1237648e0_0 .net "a2_1_Z", 0 0, L_0x1237666b0;  1 drivers
v0x123764990_0 .net "gate_Z", 0 0, L_0x123767e40;  1 drivers
v0x123764a40_0 .var/i "i", 31 0;
RS_0x108022d40 .resolv tri, L_0x12376dd70, L_0x12376e3b0, L_0x12376e260, L_0x12376e670, L_0x12376e450, L_0x12376e840, L_0x12376e710, L_0x12376e300;
v0x123764b10_0 .net8 "tri_buff_Z", 0 0, RS_0x108022d40;  8 drivers
S_0x123734e20 .scope module, "gate_mux" "gate_8_1_MUX" 2 136, 2 6 0, S_0x1237489c0;
 .timescale 0 0;
    .port_info 0 /OUTPUT 1 "f";
    .port_info 1 /INPUT 3 "S";
    .port_info 2 /INPUT 8 "I";
L_0x123764ba0 .functor AND 1, L_0x123764e20, L_0x123764f70, L_0x123765100, L_0x1237651f0;
L_0x123764e20 .functor NOT 1, L_0x123764ce0, C4<0>, C4<0>, C4<0>;
L_0x123764f70 .functor NOT 1, L_0x123764ed0, C4<0>, C4<0>, C4<0>;
L_0x123765100 .functor NOT 1, L_0x123765060, C4<0>, C4<0>, C4<0>;
L_0x123765310 .functor AND 1, L_0x1237654d0, L_0x123765760, L_0x123765810, L_0x123765930;
L_0x1237654d0 .functor NOT 1, L_0x123765400, C4<0>, C4<0>, C4<0>;
L_0x123765760 .functor NOT 1, L_0x1237655c0, C4<0>, C4<0>, C4<0>;
L_0x1237659d0 .functor AND 1, L_0x123765b50, L_0x123765c50, L_0x123765df0, L_0x123765ea0;
L_0x123765b50 .functor NOT 1, L_0x123765a40, C4<0>, C4<0>, C4<0>;
L_0x123765df0 .functor NOT 1, L_0x123765cf0, C4<0>, C4<0>, C4<0>;
L_0x123765f80 .functor AND 1, L_0x1237661a0, L_0x123766210, L_0x1237662f0, L_0x123766450;
L_0x1237661a0 .functor NOT 1, L_0x123766070, C4<0>, C4<0>, C4<0>;
L_0x123766110 .functor AND 1, L_0x1237665d0, L_0x1237656f0, L_0x123766a90, L_0x123766b80;
L_0x1237656f0 .functor NOT 1, L_0x1237668b0, C4<0>, C4<0>, C4<0>;
L_0x123766a90 .functor NOT 1, L_0x123766950, C4<0>, C4<0>, C4<0>;
L_0x123766560 .functor AND 1, L_0x123766d50, L_0x123766ea0, L_0x123766fe0, L_0x123767180;
L_0x123766ea0 .functor NOT 1, L_0x1237669f0, C4<0>, C4<0>, C4<0>;
L_0x123766df0 .functor AND 1, L_0x123767220, L_0x123767390, L_0x123767550, L_0x1237676a0;
L_0x123767550 .functor NOT 1, L_0x1237670c0, C4<0>, C4<0>, C4<0>;
L_0x123766f50 .functor AND 1, L_0x123767740, L_0x123767910, L_0x123767470, L_0x123767af0;
L_0x123767820/0/0 .functor OR 1, L_0x123764ba0, L_0x123765310, L_0x1237659d0, L_0x123765f80;
L_0x123767820/0/4 .functor OR 1, L_0x123766110, L_0x123766560, L_0x123766df0, L_0x123766f50;
L_0x123767820 .functor OR 1, L_0x123767820/0/0, L_0x123767820/0/4, C4<0>, C4<0>;
L_0x123767e40 .functor BUFZ 1, L_0x123767820, C4<0>, C4<0>, C4<0>;
v0x12370d130_0 .net "I", 7 0, v0x1237647b0_0;  1 drivers
v0x123758c50_0 .net "S", 2 0, v0x123764840_0;  1 drivers
v0x123758d00_0 .net *"_ivl_1", 0 0, L_0x123764ce0;  1 drivers
v0x123758dc0_0 .net *"_ivl_10", 0 0, L_0x123765100;  1 drivers
v0x123758e70_0 .net *"_ivl_13", 0 0, L_0x1237651f0;  1 drivers
v0x123758f60_0 .net *"_ivl_15", 0 0, L_0x123765400;  1 drivers
v0x123759010_0 .net *"_ivl_16", 0 0, L_0x1237654d0;  1 drivers
v0x1237590c0_0 .net *"_ivl_19", 0 0, L_0x1237655c0;  1 drivers
v0x123759170_0 .net *"_ivl_2", 0 0, L_0x123764e20;  1 drivers
v0x123759280_0 .net *"_ivl_20", 0 0, L_0x123765760;  1 drivers
v0x123759330_0 .net *"_ivl_23", 0 0, L_0x123765810;  1 drivers
v0x1237593e0_0 .net *"_ivl_25", 0 0, L_0x123765930;  1 drivers
v0x123759490_0 .net *"_ivl_27", 0 0, L_0x123765a40;  1 drivers
v0x123759540_0 .net *"_ivl_28", 0 0, L_0x123765b50;  1 drivers
v0x1237595f0_0 .net *"_ivl_31", 0 0, L_0x123765c50;  1 drivers
v0x1237596a0_0 .net *"_ivl_33", 0 0, L_0x123765cf0;  1 drivers
v0x123759750_0 .net *"_ivl_34", 0 0, L_0x123765df0;  1 drivers
v0x1237598e0_0 .net *"_ivl_37", 0 0, L_0x123765ea0;  1 drivers
v0x123759970_0 .net *"_ivl_39", 0 0, L_0x123766070;  1 drivers
v0x123759a20_0 .net *"_ivl_40", 0 0, L_0x1237661a0;  1 drivers
v0x123759ad0_0 .net *"_ivl_43", 0 0, L_0x123766210;  1 drivers
v0x123759b80_0 .net *"_ivl_45", 0 0, L_0x1237662f0;  1 drivers
v0x123759c30_0 .net *"_ivl_47", 0 0, L_0x123766450;  1 drivers
v0x123759ce0_0 .net *"_ivl_49", 0 0, L_0x1237665d0;  1 drivers
v0x123759d90_0 .net *"_ivl_5", 0 0, L_0x123764ed0;  1 drivers
v0x123759e40_0 .net *"_ivl_51", 0 0, L_0x1237668b0;  1 drivers
v0x123759ef0_0 .net *"_ivl_52", 0 0, L_0x1237656f0;  1 drivers
v0x123759fa0_0 .net *"_ivl_55", 0 0, L_0x123766950;  1 drivers
v0x12375a050_0 .net *"_ivl_56", 0 0, L_0x123766a90;  1 drivers
v0x12375a100_0 .net *"_ivl_59", 0 0, L_0x123766b80;  1 drivers
v0x12375a1b0_0 .net *"_ivl_6", 0 0, L_0x123764f70;  1 drivers
v0x12375a260_0 .net *"_ivl_61", 0 0, L_0x123766d50;  1 drivers
v0x12375a310_0 .net *"_ivl_63", 0 0, L_0x1237669f0;  1 drivers
v0x123759800_0 .net *"_ivl_64", 0 0, L_0x123766ea0;  1 drivers
v0x12375a5a0_0 .net *"_ivl_67", 0 0, L_0x123766fe0;  1 drivers
v0x12375a630_0 .net *"_ivl_69", 0 0, L_0x123767180;  1 drivers
v0x12375a6d0_0 .net *"_ivl_71", 0 0, L_0x123767220;  1 drivers
v0x12375a780_0 .net *"_ivl_73", 0 0, L_0x123767390;  1 drivers
v0x12375a830_0 .net *"_ivl_75", 0 0, L_0x1237670c0;  1 drivers
v0x12375a8e0_0 .net *"_ivl_76", 0 0, L_0x123767550;  1 drivers
v0x12375a990_0 .net *"_ivl_79", 0 0, L_0x1237676a0;  1 drivers
v0x12375aa40_0 .net *"_ivl_81", 0 0, L_0x123767740;  1 drivers
v0x12375aaf0_0 .net *"_ivl_83", 0 0, L_0x123767910;  1 drivers
v0x12375aba0_0 .net *"_ivl_85", 0 0, L_0x123767470;  1 drivers
v0x12375ac50_0 .net *"_ivl_87", 0 0, L_0x123767af0;  1 drivers
v0x12375ad00_0 .net *"_ivl_9", 0 0, L_0x123765060;  1 drivers
v0x12375adb0_0 .net "f", 0 0, L_0x123767e40;  alias, 1 drivers
v0x12375ae50_0 .net "wAnd1", 0 0, L_0x123764ba0;  1 drivers
v0x12375aef0_0 .net "wAnd2", 0 0, L_0x123765310;  1 drivers
v0x12375af90_0 .net "wAnd3", 0 0, L_0x1237659d0;  1 drivers
v0x12375b030_0 .net "wAnd4", 0 0, L_0x123765f80;  1 drivers
v0x12375b0d0_0 .net "wAnd5", 0 0, L_0x123766110;  1 drivers
v0x12375b170_0 .net "wAnd6", 0 0, L_0x123766560;  1 drivers
v0x12375b210_0 .net "wAnd7", 0 0, L_0x123766df0;  1 drivers
v0x12375b2b0_0 .net "wAnd8", 0 0, L_0x123766f50;  1 drivers
v0x12375b350_0 .net "wOr", 0 0, L_0x123767820;  1 drivers
L_0x123764ce0 .part v0x123764840_0, 2, 1;
L_0x123764ed0 .part v0x123764840_0, 1, 1;
L_0x123765060 .part v0x123764840_0, 0, 1;
L_0x1237651f0 .part v0x1237647b0_0, 0, 1;
L_0x123765400 .part v0x123764840_0, 2, 1;
L_0x1237655c0 .part v0x123764840_0, 1, 1;
L_0x123765810 .part v0x123764840_0, 0, 1;
L_0x123765930 .part v0x1237647b0_0, 1, 1;
L_0x123765a40 .part v0x123764840_0, 2, 1;
L_0x123765c50 .part v0x123764840_0, 1, 1;
L_0x123765cf0 .part v0x123764840_0, 0, 1;
L_0x123765ea0 .part v0x1237647b0_0, 2, 1;
L_0x123766070 .part v0x123764840_0, 2, 1;
L_0x123766210 .part v0x123764840_0, 1, 1;
L_0x1237662f0 .part v0x123764840_0, 0, 1;
L_0x123766450 .part v0x1237647b0_0, 3, 1;
L_0x1237665d0 .part v0x123764840_0, 2, 1;
L_0x1237668b0 .part v0x123764840_0, 1, 1;
L_0x123766950 .part v0x123764840_0, 0, 1;
L_0x123766b80 .part v0x1237647b0_0, 4, 1;
L_0x123766d50 .part v0x123764840_0, 2, 1;
L_0x1237669f0 .part v0x123764840_0, 1, 1;
L_0x123766fe0 .part v0x123764840_0, 0, 1;
L_0x123767180 .part v0x1237647b0_0, 5, 1;
L_0x123767220 .part v0x123764840_0, 2, 1;
L_0x123767390 .part v0x123764840_0, 1, 1;
L_0x1237670c0 .part v0x123764840_0, 0, 1;
L_0x1237676a0 .part v0x1237647b0_0, 6, 1;
L_0x123767740 .part v0x123764840_0, 2, 1;
L_0x123767910 .part v0x123764840_0, 1, 1;
L_0x123767470 .part v0x123764840_0, 0, 1;
L_0x123767af0 .part v0x1237647b0_0, 7, 1;
S_0x12375b440 .scope module, "mux_mux" "a2_1_8_1_MUX" 2 137, 2 48 0, S_0x1237489c0;
 .timescale 0 0;
    .port_info 0 /OUTPUT 1 "f";
    .port_info 1 /INPUT 3 "S";
    .port_info 2 /INPUT 8 "I";
L_0x1237666b0 .functor BUFZ 1, L_0x12376a3f0, C4<0>, C4<0>, C4<0>;
v0x12375ece0_0 .net "I", 7 0, v0x1237647b0_0;  alias, 1 drivers
v0x12375ed90_0 .net "S", 2 0, v0x123764840_0;  alias, 1 drivers
v0x12375ee40_0 .net "f", 0 0, L_0x1237666b0;  alias, 1 drivers
v0x12375eef0_0 .net "wMux1", 0 0, L_0x123768170;  1 drivers
v0x12375efc0_0 .net "wMux2", 0 0, L_0x123768740;  1 drivers
v0x12375f0d0_0 .net "wMux3", 0 0, L_0x123768d70;  1 drivers
v0x12375f1a0_0 .net "wMux4", 0 0, L_0x123769500;  1 drivers
v0x12375f270_0 .net "wMux5", 0 0, L_0x123769ba0;  1 drivers
v0x12375f340_0 .net "wMux6", 0 0, L_0x123769f00;  1 drivers
v0x12375f450_0 .net "wMux7", 0 0, L_0x12376a3f0;  1 drivers
L_0x123768220 .part v0x1237647b0_0, 6, 1;
L_0x123768300 .part v0x1237647b0_0, 7, 1;
L_0x1237683e0 .part v0x123764840_0, 0, 1;
L_0x123768820 .part v0x1237647b0_0, 4, 1;
L_0x123768900 .part v0x1237647b0_0, 5, 1;
L_0x123768a10 .part v0x123764840_0, 0, 1;
L_0x123768e50 .part v0x1237647b0_0, 2, 1;
L_0x123766c60 .part v0x1237647b0_0, 3, 1;
L_0x123769170 .part v0x123764840_0, 0, 1;
L_0x1237695e0 .part v0x1237647b0_0, 0, 1;
L_0x1237696c0 .part v0x1237647b0_0, 1, 1;
L_0x123769800 .part v0x123764840_0, 0, 1;
L_0x123769c80 .part v0x123764840_0, 1, 1;
L_0x123769fb0 .part v0x123764840_0, 1, 1;
L_0x12376a4e0 .part v0x123764840_0, 2, 1;
S_0x12375b600 .scope module, "mux1" "a2_1_MUX" 2 56, 2 33 0, S_0x12375b440;
 .timescale 0 0;
    .port_info 0 /OUTPUT 1 "f";
    .port_info 1 /INPUT 1 "I0";
    .port_info 2 /INPUT 1 "I1";
    .port_info 3 /INPUT 1 "S";
L_0x123767ef0 .functor AND 1, L_0x123767f60, L_0x123768220, C4<1>, C4<1>;
L_0x123767f60 .functor NOT 1, L_0x1237683e0, C4<0>, C4<0>, C4<0>;
L_0x123767fd0 .functor AND 1, L_0x1237683e0, L_0x123768300, C4<1>, C4<1>;
L_0x123768080 .functor OR 1, L_0x123767ef0, L_0x123767fd0, C4<0>, C4<0>;
L_0x123768170 .functor BUFZ 1, L_0x123768080, C4<0>, C4<0>, C4<0>;
v0x12375b820_0 .net "I0", 0 0, L_0x123768220;  1 drivers
v0x12375b8d0_0 .net "I1", 0 0, L_0x123768300;  1 drivers
v0x12375b970_0 .net "S", 0 0, L_0x1237683e0;  1 drivers
v0x12375ba20_0 .net *"_ivl_0", 0 0, L_0x123767f60;  1 drivers
v0x12375bad0_0 .net "f", 0 0, L_0x123768170;  alias, 1 drivers
v0x12375bbb0_0 .net "wAnd1", 0 0, L_0x123767ef0;  1 drivers
v0x12375bc50_0 .net "wAnd2", 0 0, L_0x123767fd0;  1 drivers
v0x12375bcf0_0 .net "wOr", 0 0, L_0x123768080;  1 drivers
S_0x12375bdd0 .scope module, "mux2" "a2_1_MUX" 2 57, 2 33 0, S_0x12375b440;
 .timescale 0 0;
    .port_info 0 /OUTPUT 1 "f";
    .port_info 1 /INPUT 1 "I0";
    .port_info 2 /INPUT 1 "I1";
    .port_info 3 /INPUT 1 "S";
L_0x123768480 .functor AND 1, L_0x1237684f0, L_0x123768820, C4<1>, C4<1>;
L_0x1237684f0 .functor NOT 1, L_0x123768a10, C4<0>, C4<0>, C4<0>;
L_0x1237685a0 .functor AND 1, L_0x123768a10, L_0x123768900, C4<1>, C4<1>;
L_0x123768650 .functor OR 1, L_0x123768480, L_0x1237685a0, C4<0>, C4<0>;
L_0x123768740 .functor BUFZ 1, L_0x123768650, C4<0>, C4<0>, C4<0>;
v0x12375c000_0 .net "I0", 0 0, L_0x123768820;  1 drivers
v0x12375c0a0_0 .net "I1", 0 0, L_0x123768900;  1 drivers
v0x12375c140_0 .net "S", 0 0, L_0x123768a10;  1 drivers
v0x12375c1f0_0 .net *"_ivl_0", 0 0, L_0x1237684f0;  1 drivers
v0x12375c2a0_0 .net "f", 0 0, L_0x123768740;  alias, 1 drivers
v0x12375c380_0 .net "wAnd1", 0 0, L_0x123768480;  1 drivers
v0x12375c420_0 .net "wAnd2", 0 0, L_0x1237685a0;  1 drivers
v0x12375c4c0_0 .net "wOr", 0 0, L_0x123768650;  1 drivers
S_0x12375c5a0 .scope module, "mux3" "a2_1_MUX" 2 58, 2 33 0, S_0x12375b440;
 .timescale 0 0;
    .port_info 0 /OUTPUT 1 "f";
    .port_info 1 /INPUT 1 "I0";
    .port_info 2 /INPUT 1 "I1";
    .port_info 3 /INPUT 1 "S";
L_0x123768ab0 .functor AND 1, L_0x123768b20, L_0x123768e50, C4<1>, C4<1>;
L_0x123768b20 .functor NOT 1, L_0x123769170, C4<0>, C4<0>, C4<0>;
L_0x123768bd0 .functor AND 1, L_0x123769170, L_0x123766c60, C4<1>, C4<1>;
L_0x123768c80 .functor OR 1, L_0x123768ab0, L_0x123768bd0, C4<0>, C4<0>;
L_0x123768d70 .functor BUFZ 1, L_0x123768c80, C4<0>, C4<0>, C4<0>;
v0x12375c7e0_0 .net "I0", 0 0, L_0x123768e50;  1 drivers
v0x12375c880_0 .net "I1", 0 0, L_0x123766c60;  1 drivers
v0x12375c920_0 .net "S", 0 0, L_0x123769170;  1 drivers
v0x12375c9d0_0 .net *"_ivl_0", 0 0, L_0x123768b20;  1 drivers
v0x12375ca80_0 .net "f", 0 0, L_0x123768d70;  alias, 1 drivers
v0x12375cb60_0 .net "wAnd1", 0 0, L_0x123768ab0;  1 drivers
v0x12375cc00_0 .net "wAnd2", 0 0, L_0x123768bd0;  1 drivers
v0x12375cca0_0 .net "wOr", 0 0, L_0x123768c80;  1 drivers
S_0x12375cd80 .scope module, "mux4" "a2_1_MUX" 2 59, 2 33 0, S_0x12375b440;
 .timescale 0 0;
    .port_info 0 /OUTPUT 1 "f";
    .port_info 1 /INPUT 1 "I0";
    .port_info 2 /INPUT 1 "I1";
    .port_info 3 /INPUT 1 "S";
L_0x123769260 .functor AND 1, L_0x1237692d0, L_0x1237695e0, C4<1>, C4<1>;
L_0x1237692d0 .functor NOT 1, L_0x123769800, C4<0>, C4<0>, C4<0>;
L_0x123769340 .functor AND 1, L_0x123769800, L_0x1237696c0, C4<1>, C4<1>;
L_0x1237693f0 .functor OR 1, L_0x123769260, L_0x123769340, C4<0>, C4<0>;
L_0x123769500 .functor BUFZ 1, L_0x1237693f0, C4<0>, C4<0>, C4<0>;
v0x12375cfa0_0 .net "I0", 0 0, L_0x1237695e0;  1 drivers
v0x12375d050_0 .net "I1", 0 0, L_0x1237696c0;  1 drivers
v0x12375d0f0_0 .net "S", 0 0, L_0x123769800;  1 drivers
v0x12375d1a0_0 .net *"_ivl_0", 0 0, L_0x1237692d0;  1 drivers
v0x12375d250_0 .net "f", 0 0, L_0x123769500;  alias, 1 drivers
v0x12375d330_0 .net "wAnd1", 0 0, L_0x123769260;  1 drivers
v0x12375d3d0_0 .net "wAnd2", 0 0, L_0x123769340;  1 drivers
v0x12375d470_0 .net "wOr", 0 0, L_0x1237693f0;  1 drivers
S_0x12375d550 .scope module, "mux5" "a2_1_MUX" 2 63, 2 33 0, S_0x12375b440;
 .timescale 0 0;
    .port_info 0 /OUTPUT 1 "f";
    .port_info 1 /INPUT 1 "I0";
    .port_info 2 /INPUT 1 "I1";
    .port_info 3 /INPUT 1 "S";
L_0x1237698a0 .functor AND 1, L_0x123769990, L_0x123768740, C4<1>, C4<1>;
L_0x123769990 .functor NOT 1, L_0x123769c80, C4<0>, C4<0>, C4<0>;
L_0x123769a00 .functor AND 1, L_0x123769c80, L_0x123768170, C4<1>, C4<1>;
L_0x123769af0 .functor OR 1, L_0x1237698a0, L_0x123769a00, C4<0>, C4<0>;
L_0x123769ba0 .functor BUFZ 1, L_0x123769af0, C4<0>, C4<0>, C4<0>;
v0x12375d7b0_0 .net "I0", 0 0, L_0x123768740;  alias, 1 drivers
v0x12375d860_0 .net "I1", 0 0, L_0x123768170;  alias, 1 drivers
v0x12375d910_0 .net "S", 0 0, L_0x123769c80;  1 drivers
v0x12375d9a0_0 .net *"_ivl_0", 0 0, L_0x123769990;  1 drivers
v0x12375da40_0 .net "f", 0 0, L_0x123769ba0;  alias, 1 drivers
v0x12375db20_0 .net "wAnd1", 0 0, L_0x1237698a0;  1 drivers
v0x12375dbc0_0 .net "wAnd2", 0 0, L_0x123769a00;  1 drivers
v0x12375dc60_0 .net "wOr", 0 0, L_0x123769af0;  1 drivers
S_0x12375dd40 .scope module, "mux6" "a2_1_MUX" 2 64, 2 33 0, S_0x12375b440;
 .timescale 0 0;
    .port_info 0 /OUTPUT 1 "f";
    .port_info 1 /INPUT 1 "I0";
    .port_info 2 /INPUT 1 "I1";
    .port_info 3 /INPUT 1 "S";
L_0x123766720 .functor AND 1, L_0x123766810, L_0x123769500, C4<1>, C4<1>;
L_0x123766810 .functor NOT 1, L_0x123769fb0, C4<0>, C4<0>, C4<0>;
L_0x123769d20 .functor AND 1, L_0x123769fb0, L_0x123768d70, C4<1>, C4<1>;
L_0x123769e10 .functor OR 1, L_0x123766720, L_0x123769d20, C4<0>, C4<0>;
L_0x123769f00 .functor BUFZ 1, L_0x123769e10, C4<0>, C4<0>, C4<0>;
v0x12375df60_0 .net "I0", 0 0, L_0x123769500;  alias, 1 drivers
v0x12375e020_0 .net "I1", 0 0, L_0x123768d70;  alias, 1 drivers
v0x12375e0d0_0 .net "S", 0 0, L_0x123769fb0;  1 drivers
v0x12375e180_0 .net *"_ivl_0", 0 0, L_0x123766810;  1 drivers
v0x12375e210_0 .net "f", 0 0, L_0x123769f00;  alias, 1 drivers
v0x12375e2f0_0 .net "wAnd1", 0 0, L_0x123766720;  1 drivers
v0x12375e390_0 .net "wAnd2", 0 0, L_0x123769d20;  1 drivers
v0x12375e430_0 .net "wOr", 0 0, L_0x123769e10;  1 drivers
S_0x12375e510 .scope module, "mux7" "a2_1_MUX" 2 68, 2 33 0, S_0x12375b440;
 .timescale 0 0;
    .port_info 0 /OUTPUT 1 "f";
    .port_info 1 /INPUT 1 "I0";
    .port_info 2 /INPUT 1 "I1";
    .port_info 3 /INPUT 1 "S";
L_0x12376a050 .functor AND 1, L_0x12376a140, L_0x123769f00, C4<1>, C4<1>;
L_0x12376a140 .functor NOT 1, L_0x12376a4e0, C4<0>, C4<0>, C4<0>;
L_0x12376a1b0 .functor AND 1, L_0x12376a4e0, L_0x123769ba0, C4<1>, C4<1>;
L_0x12376a300 .functor OR 1, L_0x12376a050, L_0x12376a1b0, C4<0>, C4<0>;
L_0x12376a3f0 .functor BUFZ 1, L_0x12376a300, C4<0>, C4<0>, C4<0>;
v0x12375e730_0 .net "I0", 0 0, L_0x123769f00;  alias, 1 drivers
v0x12375e7f0_0 .net "I1", 0 0, L_0x123769ba0;  alias, 1 drivers
v0x12375e8a0_0 .net "S", 0 0, L_0x12376a4e0;  1 drivers
v0x12375e950_0 .net *"_ivl_0", 0 0, L_0x12376a140;  1 drivers
v0x12375e9e0_0 .net "f", 0 0, L_0x12376a3f0;  alias, 1 drivers
v0x12375eac0_0 .net "wAnd1", 0 0, L_0x12376a050;  1 drivers
v0x12375eb60_0 .net "wAnd2", 0 0, L_0x12376a1b0;  1 drivers
v0x12375ec00_0 .net "wOr", 0 0, L_0x12376a300;  1 drivers
S_0x12375f4e0 .scope module, "tri_buff_mux" "tri_buff_8_1_MUX" 2 138, 2 86 0, S_0x1237489c0;
 .timescale 0 0;
    .port_info 0 /OUTPUT 1 "f";
    .port_info 1 /INPUT 3 "S";
    .port_info 2 /INPUT 8 "I";
L_0x12376a6e0 .functor NOT 1, L_0x12376a640, C4<0>, C4<0>, C4<0>;
L_0x12376a830 .functor NOT 1, L_0x12376a790, C4<0>, C4<0>, C4<0>;
L_0x12376a8e0 .functor AND 1, L_0x12376a6e0, L_0x12376a830, C4<1>, C4<1>;
L_0x12376aa70 .functor NOT 1, L_0x12376a9d0, C4<0>, C4<0>, C4<0>;
L_0x12376ab40 .functor AND 1, L_0x12376a8e0, L_0x12376aa70, C4<1>, C4<1>;
L_0x12376ad40 .functor NOT 1, L_0x12376aca0, C4<0>, C4<0>, C4<0>;
L_0x12376aec0 .functor NOT 1, L_0x12376adf0, C4<0>, C4<0>, C4<0>;
L_0x12376afb0 .functor AND 1, L_0x12376ad40, L_0x12376aec0, C4<1>, C4<1>;
L_0x12376b140 .functor AND 1, L_0x12376afb0, L_0x12376b0a0, C4<1>, C4<1>;
L_0x12376b360 .functor NOT 1, L_0x12376b2c0, C4<0>, C4<0>, C4<0>;
L_0x12376b4b0 .functor AND 1, L_0x12376b360, L_0x12376b410, C4<1>, C4<1>;
L_0x12376b6a0 .functor NOT 1, L_0x12376b600, C4<0>, C4<0>, C4<0>;
L_0x12376b710 .functor AND 1, L_0x12376b4b0, L_0x12376b6a0, C4<1>, C4<1>;
L_0x12376b950 .functor NOT 1, L_0x12376b8b0, C4<0>, C4<0>, C4<0>;
L_0x12376bac0 .functor AND 1, L_0x12376b950, L_0x12376b9c0, C4<1>, C4<1>;
L_0x12376b840 .functor AND 1, L_0x12376bac0, L_0x12376bbf0, C4<1>, C4<1>;
L_0x12376bf00 .functor NOT 1, L_0x12376be60, C4<0>, C4<0>, C4<0>;
L_0x12376c000 .functor AND 1, L_0x12376bd50, L_0x12376bf00, C4<1>, C4<1>;
L_0x12376bdf0 .functor NOT 1, L_0x12376c070, C4<0>, C4<0>, C4<0>;
L_0x12376c230 .functor AND 1, L_0x12376c000, L_0x12376bdf0, C4<1>, C4<1>;
L_0x12376c4b0 .functor NOT 1, L_0x12376c380, C4<0>, C4<0>, C4<0>;
L_0x12376c5d0 .functor AND 1, L_0x12376c2e0, L_0x12376c4b0, C4<1>, C4<1>;
L_0x12376c6e0 .functor AND 1, L_0x12376c5d0, L_0x12376c640, C4<1>, C4<1>;
L_0x12376c420 .functor AND 1, L_0x12376c890, L_0x12376c930, C4<1>, C4<1>;
L_0x12376caf0 .functor NOT 1, L_0x12376ca50, C4<0>, C4<0>, C4<0>;
L_0x12376cc70 .functor AND 1, L_0x12376c420, L_0x12376caf0, C4<1>, C4<1>;
L_0x12376cf20 .functor AND 1, L_0x12376cd20, L_0x12376cdc0, C4<1>, C4<1>;
L_0x12376cba0 .functor AND 1, L_0x12376cf20, L_0x12376d070, C4<1>, C4<1>;
v0x123761f50_0 .net "I", 7 0, v0x1237647b0_0;  alias, 1 drivers
v0x123762040_0 .net "S", 2 0, v0x123764840_0;  alias, 1 drivers
v0x123762110_0 .net *"_ivl_1", 0 0, L_0x12376a640;  1 drivers
v0x1237621a0_0 .net *"_ivl_101", 0 0, L_0x12376d070;  1 drivers
v0x123762230_0 .net *"_ivl_11", 0 0, L_0x12376a9d0;  1 drivers
v0x123762320_0 .net *"_ivl_12", 0 0, L_0x12376aa70;  1 drivers
v0x1237623d0_0 .net *"_ivl_17", 0 0, L_0x12376aca0;  1 drivers
v0x123762480_0 .net *"_ivl_18", 0 0, L_0x12376ad40;  1 drivers
v0x123762530_0 .net *"_ivl_2", 0 0, L_0x12376a6e0;  1 drivers
v0x123762640_0 .net *"_ivl_21", 0 0, L_0x12376adf0;  1 drivers
v0x1237626f0_0 .net *"_ivl_22", 0 0, L_0x12376aec0;  1 drivers
v0x1237627a0_0 .net *"_ivl_24", 0 0, L_0x12376afb0;  1 drivers
v0x123762850_0 .net *"_ivl_27", 0 0, L_0x12376b0a0;  1 drivers
v0x123762900_0 .net *"_ivl_31", 0 0, L_0x12376b2c0;  1 drivers
v0x1237629b0_0 .net *"_ivl_32", 0 0, L_0x12376b360;  1 drivers
v0x123762a60_0 .net *"_ivl_35", 0 0, L_0x12376b410;  1 drivers
v0x123762b10_0 .net *"_ivl_36", 0 0, L_0x12376b4b0;  1 drivers
v0x123762ca0_0 .net *"_ivl_39", 0 0, L_0x12376b600;  1 drivers
v0x123762d30_0 .net *"_ivl_40", 0 0, L_0x12376b6a0;  1 drivers
v0x123762de0_0 .net *"_ivl_45", 0 0, L_0x12376b8b0;  1 drivers
v0x123762e90_0 .net *"_ivl_46", 0 0, L_0x12376b950;  1 drivers
v0x123762f40_0 .net *"_ivl_49", 0 0, L_0x12376b9c0;  1 drivers
v0x123762ff0_0 .net *"_ivl_5", 0 0, L_0x12376a790;  1 drivers
v0x1237630a0_0 .net *"_ivl_50", 0 0, L_0x12376bac0;  1 drivers
v0x123763150_0 .net *"_ivl_53", 0 0, L_0x12376bbf0;  1 drivers
v0x123763200_0 .net *"_ivl_57", 0 0, L_0x12376bd50;  1 drivers
v0x1237632b0_0 .net *"_ivl_59", 0 0, L_0x12376be60;  1 drivers
v0x123763360_0 .net *"_ivl_6", 0 0, L_0x12376a830;  1 drivers
v0x123763410_0 .net *"_ivl_60", 0 0, L_0x12376bf00;  1 drivers
v0x1237634c0_0 .net *"_ivl_62", 0 0, L_0x12376c000;  1 drivers
v0x123763570_0 .net *"_ivl_65", 0 0, L_0x12376c070;  1 drivers
v0x123763620_0 .net *"_ivl_66", 0 0, L_0x12376bdf0;  1 drivers
v0x1237636d0_0 .net *"_ivl_71", 0 0, L_0x12376c2e0;  1 drivers
v0x123762bc0_0 .net *"_ivl_73", 0 0, L_0x12376c380;  1 drivers
v0x123763960_0 .net *"_ivl_74", 0 0, L_0x12376c4b0;  1 drivers
v0x1237639f0_0 .net *"_ivl_76", 0 0, L_0x12376c5d0;  1 drivers
v0x123763a90_0 .net *"_ivl_79", 0 0, L_0x12376c640;  1 drivers
v0x123763b40_0 .net *"_ivl_8", 0 0, L_0x12376a8e0;  1 drivers
v0x123763bf0_0 .net *"_ivl_83", 0 0, L_0x12376c890;  1 drivers
v0x123763ca0_0 .net *"_ivl_85", 0 0, L_0x12376c930;  1 drivers
v0x123763d50_0 .net *"_ivl_86", 0 0, L_0x12376c420;  1 drivers
v0x123763e00_0 .net *"_ivl_89", 0 0, L_0x12376ca50;  1 drivers
v0x123763eb0_0 .net *"_ivl_90", 0 0, L_0x12376caf0;  1 drivers
v0x123763f60_0 .net *"_ivl_95", 0 0, L_0x12376cd20;  1 drivers
v0x123764010_0 .net *"_ivl_97", 0 0, L_0x12376cdc0;  1 drivers
v0x1237640c0_0 .net *"_ivl_98", 0 0, L_0x12376cf20;  1 drivers
v0x123764170_0 .net "enable0", 0 0, L_0x12376ab40;  1 drivers
v0x123764220_0 .net "enable1", 0 0, L_0x12376b140;  1 drivers
v0x1237642b0_0 .net "enable2", 0 0, L_0x12376b710;  1 drivers
v0x123764340_0 .net "enable3", 0 0, L_0x12376b840;  1 drivers
v0x1237643d0_0 .net "enable4", 0 0, L_0x12376c230;  1 drivers
v0x123764460_0 .net "enable5", 0 0, L_0x12376c6e0;  1 drivers
v0x123764510_0 .net "enable6", 0 0, L_0x12376cc70;  1 drivers
v0x1237645c0_0 .net "enable7", 0 0, L_0x12376cba0;  1 drivers
v0x123764670_0 .net8 "f", 0 0, RS_0x108022d40;  alias, 8 drivers
v0x123764700_0 .net "tri_out", 7 0, L_0x12376da20;  1 drivers
L_0x12376a640 .part v0x123764840_0, 2, 1;
L_0x12376a790 .part v0x123764840_0, 1, 1;
L_0x12376a9d0 .part v0x123764840_0, 0, 1;
L_0x12376aca0 .part v0x123764840_0, 2, 1;
L_0x12376adf0 .part v0x123764840_0, 1, 1;
L_0x12376b0a0 .part v0x123764840_0, 0, 1;
L_0x12376b2c0 .part v0x123764840_0, 2, 1;
L_0x12376b410 .part v0x123764840_0, 1, 1;
L_0x12376b600 .part v0x123764840_0, 0, 1;
L_0x12376b8b0 .part v0x123764840_0, 2, 1;
L_0x12376b9c0 .part v0x123764840_0, 1, 1;
L_0x12376bbf0 .part v0x123764840_0, 0, 1;
L_0x12376bd50 .part v0x123764840_0, 2, 1;
L_0x12376be60 .part v0x123764840_0, 1, 1;
L_0x12376c070 .part v0x123764840_0, 0, 1;
L_0x12376c2e0 .part v0x123764840_0, 2, 1;
L_0x12376c380 .part v0x123764840_0, 1, 1;
L_0x12376c640 .part v0x123764840_0, 0, 1;
L_0x12376c890 .part v0x123764840_0, 2, 1;
L_0x12376c930 .part v0x123764840_0, 1, 1;
L_0x12376ca50 .part v0x123764840_0, 0, 1;
L_0x12376cd20 .part v0x123764840_0, 2, 1;
L_0x12376cdc0 .part v0x123764840_0, 1, 1;
L_0x12376d070 .part v0x123764840_0, 0, 1;
L_0x12376d230 .part v0x1237647b0_0, 0, 1;
L_0x12376ce80 .part v0x1237647b0_0, 1, 1;
L_0x12376d560 .part v0x1237647b0_0, 2, 1;
L_0x12376d7c0 .part v0x1237647b0_0, 3, 1;
L_0x12376d900 .part v0x1237647b0_0, 4, 1;
L_0x12376d680 .part v0x1237647b0_0, 5, 1;
L_0x12376dc90 .part v0x1237647b0_0, 6, 1;
LS_0x12376da20_0_0 .concat8 [ 1 1 1 1], L_0x12376d190, L_0x12376d3a0, L_0x12376d480, L_0x12376d720;
LS_0x12376da20_0_4 .concat8 [ 1 1 1 1], L_0x12376d860, L_0x12376dad0, L_0x12376dbb0, L_0x12376de70;
L_0x12376da20 .concat8 [ 4 4 0 0], LS_0x12376da20_0_0, LS_0x12376da20_0_4;
L_0x12376e180 .part v0x1237647b0_0, 7, 1;
L_0x12376dd70 .part L_0x12376da20, 0, 1;
L_0x12376e3b0 .part L_0x12376da20, 1, 1;
L_0x12376e260 .part L_0x12376da20, 2, 1;
L_0x12376e670 .part L_0x12376da20, 3, 1;
L_0x12376e450 .part L_0x12376da20, 4, 1;
L_0x12376e840 .part L_0x12376da20, 5, 1;
L_0x12376e710 .part L_0x12376da20, 6, 1;
L_0x12376e300 .part L_0x12376da20, 7, 1;
S_0x12375f6f0 .scope module, "tb1" "tri_buff" 2 103, 2 76 0, S_0x12375f4e0;
 .timescale 0 0;
    .port_info 0 /OUTPUT 1 "f";
    .port_info 1 /INPUT 1 "a";
    .port_info 2 /INPUT 1 "sel";
o0x108021a80 .functor BUFZ 1, C4<z>; HiZ drive
; Elide local net with no drivers, v0x12375f900_0 name=_ivl_0
v0x12375f990_0 .net "a", 0 0, L_0x12376d230;  1 drivers
v0x12375fa20_0 .net "f", 0 0, L_0x12376d190;  1 drivers
v0x12375fad0_0 .net "sel", 0 0, L_0x12376ab40;  alias, 1 drivers
L_0x12376d190 .functor MUXZ 1, o0x108021a80, L_0x12376d230, L_0x12376ab40, C4<>;
S_0x12375fbb0 .scope module, "tb2" "tri_buff" 2 104, 2 76 0, S_0x12375f4e0;
 .timescale 0 0;
    .port_info 0 /OUTPUT 1 "f";
    .port_info 1 /INPUT 1 "a";
    .port_info 2 /INPUT 1 "sel";
o0x108021bd0 .functor BUFZ 1, C4<z>; HiZ drive
; Elide local net with no drivers, v0x12375fdd0_0 name=_ivl_0
v0x12375fe80_0 .net "a", 0 0, L_0x12376ce80;  1 drivers
v0x12375ff20_0 .net "f", 0 0, L_0x12376d3a0;  1 drivers
v0x12375ffd0_0 .net "sel", 0 0, L_0x12376b140;  alias, 1 drivers
L_0x12376d3a0 .functor MUXZ 1, o0x108021bd0, L_0x12376ce80, L_0x12376b140, C4<>;
S_0x1237600c0 .scope module, "tb3" "tri_buff" 2 105, 2 76 0, S_0x12375f4e0;
 .timescale 0 0;
    .port_info 0 /OUTPUT 1 "f";
    .port_info 1 /INPUT 1 "a";
    .port_info 2 /INPUT 1 "sel";
o0x108021d20 .functor BUFZ 1, C4<z>; HiZ drive
; Elide local net with no drivers, v0x1237602f0_0 name=_ivl_0
v0x1237603a0_0 .net "a", 0 0, L_0x12376d560;  1 drivers
v0x123760440_0 .net "f", 0 0, L_0x12376d480;  1 drivers
v0x1237604f0_0 .net "sel", 0 0, L_0x12376b710;  alias, 1 drivers
L_0x12376d480 .functor MUXZ 1, o0x108021d20, L_0x12376d560, L_0x12376b710, C4<>;
S_0x1237605e0 .scope module, "tb4" "tri_buff" 2 106, 2 76 0, S_0x12375f4e0;
 .timescale 0 0;
    .port_info 0 /OUTPUT 1 "f";
    .port_info 1 /INPUT 1 "a";
    .port_info 2 /INPUT 1 "sel";
o0x108021e70 .functor BUFZ 1, C4<z>; HiZ drive
; Elide local net with no drivers, v0x1237607f0_0 name=_ivl_0
v0x1237608b0_0 .net "a", 0 0, L_0x12376d7c0;  1 drivers
v0x123760950_0 .net "f", 0 0, L_0x12376d720;  1 drivers
v0x123760a00_0 .net "sel", 0 0, L_0x12376b840;  alias, 1 drivers
L_0x12376d720 .functor MUXZ 1, o0x108021e70, L_0x12376d7c0, L_0x12376b840, C4<>;
S_0x123760af0 .scope module, "tb5" "tri_buff" 2 107, 2 76 0, S_0x12375f4e0;
 .timescale 0 0;
    .port_info 0 /OUTPUT 1 "f";
    .port_info 1 /INPUT 1 "a";
    .port_info 2 /INPUT 1 "sel";
o0x108021fc0 .functor BUFZ 1, C4<z>; HiZ drive
; Elide local net with no drivers, v0x123760d40_0 name=_ivl_0
v0x123760de0_0 .net "a", 0 0, L_0x12376d900;  1 drivers
v0x123760e80_0 .net "f", 0 0, L_0x12376d860;  1 drivers
v0x123760f30_0 .net "sel", 0 0, L_0x12376c230;  alias, 1 drivers
L_0x12376d860 .functor MUXZ 1, o0x108021fc0, L_0x12376d900, L_0x12376c230, C4<>;
S_0x123761020 .scope module, "tb6" "tri_buff" 2 108, 2 76 0, S_0x12375f4e0;
 .timescale 0 0;
    .port_info 0 /OUTPUT 1 "f";
    .port_info 1 /INPUT 1 "a";
    .port_info 2 /INPUT 1 "sel";
o0x108022110 .functor BUFZ 1, C4<z>; HiZ drive
; Elide local net with no drivers, v0x123761230_0 name=_ivl_0
v0x1237612f0_0 .net "a", 0 0, L_0x12376d680;  1 drivers
v0x123761390_0 .net "f", 0 0, L_0x12376dad0;  1 drivers
v0x123761440_0 .net "sel", 0 0, L_0x12376c6e0;  alias, 1 drivers
L_0x12376dad0 .functor MUXZ 1, o0x108022110, L_0x12376d680, L_0x12376c6e0, C4<>;
S_0x123761530 .scope module, "tb7" "tri_buff" 2 109, 2 76 0, S_0x12375f4e0;
 .timescale 0 0;
    .port_info 0 /OUTPUT 1 "f";
    .port_info 1 /INPUT 1 "a";
    .port_info 2 /INPUT 1 "sel";
o0x108022260 .functor BUFZ 1, C4<z>; HiZ drive
; Elide local net with no drivers, v0x123761740_0 name=_ivl_0
v0x123761800_0 .net "a", 0 0, L_0x12376dc90;  1 drivers
v0x1237618a0_0 .net "f", 0 0, L_0x12376dbb0;  1 drivers
v0x123761950_0 .net "sel", 0 0, L_0x12376cc70;  alias, 1 drivers
L_0x12376dbb0 .functor MUXZ 1, o0x108022260, L_0x12376dc90, L_0x12376cc70, C4<>;
S_0x123761a40 .scope module, "tb8" "tri_buff" 2 110, 2 76 0, S_0x12375f4e0;
 .timescale 0 0;
    .port_info 0 /OUTPUT 1 "f";
    .port_info 1 /INPUT 1 "a";
    .port_info 2 /INPUT 1 "sel";
o0x1080223b0 .functor BUFZ 1, C4<z>; HiZ drive
; Elide local net with no drivers, v0x123761c50_0 name=_ivl_0
v0x123761d10_0 .net "a", 0 0, L_0x12376e180;  1 drivers
v0x123761db0_0 .net "f", 0 0, L_0x12376de70;  1 drivers
v0x123761e60_0 .net "sel", 0 0, L_0x12376cba0;  alias, 1 drivers
L_0x12376de70 .functor MUXZ 1, o0x1080223b0, L_0x12376e180, L_0x12376cba0, C4<>;
    .scope S_0x1237489c0;
T_0 ;
    %pushi/vec4 0, 0, 32;
    %store/vec4 v0x123764a40_0, 0, 32;
T_0.0 ;
    %load/vec4 v0x123764a40_0;
    %cmpi/s 16, 0, 32;
    %jmp/0xz T_0.1, 5;
    %pushi/vec4 198, 0, 8;
    %store/vec4 v0x1237647b0_0, 0, 8;
    %delay 20, 0;
    %pushi/vec4 110, 0, 8;
    %store/vec4 v0x1237647b0_0, 0, 8;
    %delay 20, 0;
    %pushi/vec4 178, 0, 8;
    %store/vec4 v0x1237647b0_0, 0, 8;
    %delay 20, 0;
    %pushi/vec4 30, 0, 8;
    %store/vec4 v0x1237647b0_0, 0, 8;
    %delay 20, 0;
    %pushi/vec4 230, 0, 8;
    %store/vec4 v0x1237647b0_0, 0, 8;
    %delay 20, 0;
    %pushi/vec4 106, 0, 8;
    %store/vec4 v0x1237647b0_0, 0, 8;
    %delay 20, 0;
    %load/vec4 v0x123764a40_0;
    %addi 1, 0, 32;
    %store/vec4 v0x123764a40_0, 0, 32;
    %jmp T_0.0;
T_0.1 ;
    %end;
    .thread T_0;
    .scope S_0x1237489c0;
T_1 ;
    %pushi/vec4 0, 0, 3;
    %store/vec4 v0x123764840_0, 0, 3;
    %delay 120, 0;
    %pushi/vec4 1, 0, 3;
    %store/vec4 v0x123764840_0, 0, 3;
    %delay 120, 0;
    %pushi/vec4 2, 0, 3;
    %store/vec4 v0x123764840_0, 0, 3;
    %delay 120, 0;
    %pushi/vec4 3, 0, 3;
    %store/vec4 v0x123764840_0, 0, 3;
    %delay 120, 0;
    %pushi/vec4 4, 0, 3;
    %store/vec4 v0x123764840_0, 0, 3;
    %delay 120, 0;
    %pushi/vec4 5, 0, 3;
    %store/vec4 v0x123764840_0, 0, 3;
    %delay 120, 0;
    %pushi/vec4 6, 0, 3;
    %store/vec4 v0x123764840_0, 0, 3;
    %delay 120, 0;
    %pushi/vec4 7, 0, 3;
    %store/vec4 v0x123764840_0, 0, 3;
    %end;
    .thread T_1;
    .scope S_0x1237489c0;
T_2 ;
    %vpi_call 2 171 "$dumpfile", "prob1.vcd" {0 0 0};
    %vpi_call 2 172 "$dumpvars", 32'sb00000000000000000000000000000000, S_0x1237489c0 {0 0 0};
    %end;
    .thread T_2;
# The file index is used to find the file name in the following table.
:file_names 3;
    "N/A";
    "<interactive>";
    "prob1.v";
